[2024-10-25 02:34:55,572:INFO:common:yaml file: config\config.yaml loaded successfully]
[2024-10-25 02:34:55,574:INFO:common:yaml file: params.yaml loaded successfully]
[2024-10-25 02:34:55,575:INFO:common:created directory at: artifacts]
[2024-10-25 02:34:55,576:INFO:common:created directory at: artifacts/data_ingestion]
[2024-10-25 02:34:55,577:INFO:1170291011:File already exists of size: ~ 6272 KB]
[2024-10-25 02:37:32,258:INFO:common:yaml file: config\config.yaml loaded successfully]
[2024-10-25 02:37:32,261:INFO:common:yaml file: params.yaml loaded successfully]
[2024-10-25 02:37:32,264:INFO:common:created directory at: artifacts]
[2024-10-25 02:37:32,266:INFO:common:created directory at: artifacts/data_ingestion]
[2024-10-25 02:37:32,267:INFO:4037744573:File already exists of size: ~ 6272 KB]
[2024-10-25 02:48:43,755:INFO:common:yaml file: config\config.yaml loaded successfully]
[2024-10-25 02:48:43,764:INFO:common:yaml file: params.yaml loaded successfully]
[2024-10-25 02:48:43,769:INFO:common:created directory at: artifacts]
[2024-10-25 02:48:43,772:INFO:common:created directory at: artifacts/data_ingestion]
[2024-10-25 02:48:43,774:INFO:4037744573:File already exists of size: ~ 6272 KB]
[2024-10-25 02:48:48,640:INFO:common:yaml file: config\config.yaml loaded successfully]
[2024-10-25 02:48:48,643:INFO:common:yaml file: params.yaml loaded successfully]
[2024-10-25 02:48:48,649:INFO:common:created directory at: artifacts]
[2024-10-25 02:48:48,651:INFO:common:created directory at: artifacts/data_ingestion]
[2024-10-25 02:48:48,652:INFO:4037744573:File already exists of size: ~ 6272 KB]
[2024-10-25 02:49:03,910:INFO:common:yaml file: config\config.yaml loaded successfully]
[2024-10-25 02:49:03,913:INFO:common:yaml file: params.yaml loaded successfully]
[2024-10-25 02:49:03,915:INFO:common:created directory at: artifacts]
[2024-10-25 02:49:03,917:INFO:common:created directory at: artifacts/data_ingestion]
[2024-10-25 02:49:03,919:INFO:4037744573:File already exists of size: ~ 6272 KB]
[2024-10-25 02:49:24,171:INFO:common:yaml file: config\config.yaml loaded successfully]
[2024-10-25 02:49:24,176:INFO:common:yaml file: params.yaml loaded successfully]
[2024-10-25 02:49:24,178:INFO:common:created directory at: artifacts]
[2024-10-25 02:49:24,179:INFO:common:created directory at: artifacts/data_ingestion]
[2024-10-25 02:49:24,181:INFO:4037744573:File already exists of size: ~ 6272 KB]
